<?xml version="1.0" encoding="UTF-8"?>
<testsuite name="com.springboot.book.web.IndexControllerTest" tests="1" skipped="0" failures="0" errors="0" timestamp="2022-05-16T13:44:37" hostname="Ha-MacPro.local" time="0.194">
  <properties/>
  <testcase name="메인페이지_로딩" classname="com.springboot.book.web.IndexControllerTest" time="0.194"/>
  <system-out><![CDATA[2022-05-16 22:44:33.549  INFO 72679 --- [    Test worker] .b.t.c.SpringBootTestContextBootstrapper : Neither @ContextConfiguration nor @ContextHierarchy found for test class [com.springboot.book.web.IndexControllerTest], using SpringBootContextLoader
2022-05-16 22:44:33.551  INFO 72679 --- [    Test worker] o.s.t.c.support.AbstractContextLoader    : Could not detect default resource locations for test class [com.springboot.book.web.IndexControllerTest]: no resource found for suffixes {-context.xml, Context.groovy}.
2022-05-16 22:44:33.551  INFO 72679 --- [    Test worker] t.c.s.AnnotationConfigContextLoaderUtils : Could not detect default configuration classes for test class [com.springboot.book.web.IndexControllerTest]: IndexControllerTest does not declare any static, non-private, non-final, nested classes annotated with @Configuration.
2022-05-16 22:44:33.554  INFO 72679 --- [    Test worker] .b.t.c.SpringBootTestContextBootstrapper : Found @SpringBootConfiguration com.springboot.book.Application for test class com.springboot.book.web.IndexControllerTest
2022-05-16 22:44:33.556  INFO 72679 --- [    Test worker] .b.t.c.SpringBootTestContextBootstrapper : Loaded default TestExecutionListener class names from location [META-INF/spring.factories]: [org.springframework.security.test.context.support.WithSecurityContextTestExecutionListener, org.springframework.security.test.context.support.ReactorContextTestExecutionListener, org.springframework.boot.test.autoconfigure.restdocs.RestDocsTestExecutionListener, org.springframework.boot.test.autoconfigure.web.client.MockRestServiceServerResetTestExecutionListener, org.springframework.boot.test.autoconfigure.web.servlet.MockMvcPrintOnlyOnFailureTestExecutionListener, org.springframework.boot.test.autoconfigure.web.servlet.WebDriverTestExecutionListener, org.springframework.boot.test.mock.mockito.MockitoTestExecutionListener, org.springframework.boot.test.mock.mockito.ResetMocksTestExecutionListener, org.springframework.test.context.web.ServletTestExecutionListener, org.springframework.test.context.support.DirtiesContextBeforeModesTestExecutionListener, org.springframework.test.context.support.DependencyInjectionTestExecutionListener, org.springframework.test.context.support.DirtiesContextTestExecutionListener, org.springframework.test.context.transaction.TransactionalTestExecutionListener, org.springframework.test.context.jdbc.SqlScriptsTestExecutionListener]
2022-05-16 22:44:33.557  INFO 72679 --- [    Test worker] .b.t.c.SpringBootTestContextBootstrapper : Using TestExecutionListeners: [org.springframework.test.context.web.ServletTestExecutionListener@31e182c0, org.springframework.test.context.support.DirtiesContextBeforeModesTestExecutionListener@219f3f29, org.springframework.boot.test.mock.mockito.MockitoTestExecutionListener@3300b5d6, org.springframework.boot.test.autoconfigure.SpringBootDependencyInjectionTestExecutionListener@5395a278, org.springframework.test.context.support.DirtiesContextTestExecutionListener@6e5fdd48, org.springframework.test.context.transaction.TransactionalTestExecutionListener@36e1c1dd, org.springframework.test.context.jdbc.SqlScriptsTestExecutionListener@f97cd2, org.springframework.security.test.context.support.WithSecurityContextTestExecutionListener@7e8198d7, org.springframework.security.test.context.support.ReactorContextTestExecutionListener@6ea4afd2, org.springframework.boot.test.autoconfigure.restdocs.RestDocsTestExecutionListener@56f364f2, org.springframework.boot.test.autoconfigure.web.client.MockRestServiceServerResetTestExecutionListener@1d278d12, org.springframework.boot.test.autoconfigure.web.servlet.MockMvcPrintOnlyOnFailureTestExecutionListener@6f92e941, org.springframework.boot.test.autoconfigure.web.servlet.WebDriverTestExecutionListener@2403115e, org.springframework.boot.test.mock.mockito.ResetMocksTestExecutionListener@699a25d8]

  .   ____          _            __ _ _
 /\\ / ___'_ __ _ _(_)_ __  __ _ \ \ \ \
( ( )\___ | '_ | '_| | '_ \/ _` | \ \ \ \
 \\/  ___)| |_)| | | | | || (_| |  ) ) ) )
  '  |____| .__|_| |_|_| |_\__, | / / / /
 =========|_|==============|___/=/_/_/_/
 :: Spring Boot ::        (v2.1.7.RELEASE)

2022-05-16 22:44:33.586  INFO 72679 --- [    Test worker] c.s.book.web.IndexControllerTest         : Starting IndexControllerTest on Ha-MacPro.local with PID 72679 (started by jisu in /Users/jisu/project/book-study/book-springboot-webservice)
2022-05-16 22:44:33.588  INFO 72679 --- [    Test worker] c.s.book.web.IndexControllerTest         : No active profile set, falling back to default profiles: default
2022-05-16 22:44:33.883  INFO 72679 --- [    Test worker] .s.d.r.c.RepositoryConfigurationDelegate : Bootstrapping Spring Data repositories in DEFAULT mode.
2022-05-16 22:44:33.938  INFO 72679 --- [    Test worker] .s.d.r.c.RepositoryConfigurationDelegate : Finished Spring Data repository scanning in 44ms. Found 2 repository interfaces.
2022-05-16 22:44:34.210  INFO 72679 --- [    Test worker] trationDelegate$BeanPostProcessorChecker : Bean 'org.springframework.transaction.annotation.ProxyTransactionManagementConfiguration' of type [org.springframework.transaction.annotation.ProxyTransactionManagementConfiguration$$EnhancerBySpringCGLIB$$a25dcf7e] is not eligible for getting processed by all BeanPostProcessors (for example: not eligible for auto-proxying)
2022-05-16 22:44:34.462  INFO 72679 --- [    Test worker] o.s.b.w.embedded.tomcat.TomcatWebServer  : Tomcat initialized with port(s): 0 (http)
2022-05-16 22:44:34.491  INFO 72679 --- [    Test worker] o.apache.catalina.core.StandardService   : Starting service [Tomcat]
2022-05-16 22:44:34.491  INFO 72679 --- [    Test worker] org.apache.catalina.core.StandardEngine  : Starting Servlet engine: [Apache Tomcat/9.0.22]
2022-05-16 22:44:34.709  INFO 72679 --- [    Test worker] o.a.c.c.C.[Tomcat].[localhost].[/]       : Initializing Spring embedded WebApplicationContext
2022-05-16 22:44:34.709  INFO 72679 --- [    Test worker] o.s.web.context.ContextLoader            : Root WebApplicationContext: initialization completed in 1118 ms
2022-05-16 22:44:35.133  INFO 72679 --- [    Test worker] com.zaxxer.hikari.HikariDataSource       : HikariPool-1 - Starting...
2022-05-16 22:44:35.414  INFO 72679 --- [    Test worker] com.zaxxer.hikari.HikariDataSource       : HikariPool-1 - Start completed.
2022-05-16 22:44:35.508  INFO 72679 --- [    Test worker] o.hibernate.jpa.internal.util.LogHelper  : HHH000204: Processing PersistenceUnitInfo [
	name: default
	...]
2022-05-16 22:44:35.586  INFO 72679 --- [    Test worker] org.hibernate.Version                    : HHH000412: Hibernate Core {5.3.10.Final}
2022-05-16 22:44:35.588  INFO 72679 --- [    Test worker] org.hibernate.cfg.Environment            : HHH000206: hibernate.properties not found
2022-05-16 22:44:35.638  INFO 72679 --- [    Test worker] o.hibernate.annotations.common.Version   : HCANN000001: Hibernate Commons Annotations {5.0.4.Final}
2022-05-16 22:44:35.799  INFO 72679 --- [    Test worker] org.hibernate.dialect.Dialect            : HHH000400: Using dialect: org.hibernate.dialect.MySQL5InnoDBDialect
Hibernate: drop table if exists posts
Hibernate: drop table if exists user
Hibernate: create table posts (id bigint not null auto_increment, created_date datetime, modified_date datetime, author varchar(255), content TEXT not null, title varchar(500) not null, primary key (id)) engine=InnoDB
Hibernate: create table user (id bigint not null auto_increment, created_date datetime, modified_date datetime, email varchar(255) not null, name varchar(255) not null, picture varchar(255), role varchar(255) not null, primary key (id)) engine=InnoDB
2022-05-16 22:44:36.421  INFO 72679 --- [    Test worker] o.h.t.schema.internal.SchemaCreatorImpl  : HHH000476: Executing import script 'org.hibernate.tool.schema.internal.exec.ScriptSourceInputNonExistentImpl@6186bade'
2022-05-16 22:44:36.424  INFO 72679 --- [    Test worker] j.LocalContainerEntityManagerFactoryBean : Initialized JPA EntityManagerFactory for persistence unit 'default'
2022-05-16 22:44:36.930  INFO 72679 --- [    Test worker] o.h.h.i.QueryTranslatorFactoryInitiator  : HHH000397: Using ASTQueryTranslatorFactory
2022-05-16 22:44:37.181  INFO 72679 --- [    Test worker] o.s.s.web.DefaultSecurityFilterChain     : Creating filter chain: any request, [org.springframework.security.web.context.request.async.WebAsyncManagerIntegrationFilter@68e1f9ec, org.springframework.security.web.context.SecurityContextPersistenceFilter@6229b80f, org.springframework.security.web.header.HeaderWriterFilter@31bb6312, org.springframework.security.web.authentication.logout.LogoutFilter@644febb8, org.springframework.security.oauth2.client.web.OAuth2AuthorizationRequestRedirectFilter@420425c, org.springframework.security.oauth2.client.web.OAuth2LoginAuthenticationFilter@43b652c9, org.springframework.security.web.authentication.ui.DefaultLoginPageGeneratingFilter@4b09db16, org.springframework.security.web.authentication.ui.DefaultLogoutPageGeneratingFilter@612d0f6c, org.springframework.security.web.savedrequest.RequestCacheAwareFilter@2797d545, org.springframework.security.web.servletapi.SecurityContextHolderAwareRequestFilter@4d5e8156, org.springframework.security.web.authentication.AnonymousAuthenticationFilter@33bb9385, org.springframework.security.web.session.SessionManagementFilter@1082ca69, org.springframework.security.web.access.ExceptionTranslationFilter@1c6b2205, org.springframework.security.web.access.intercept.FilterSecurityInterceptor@567c0ecc]
2022-05-16 22:44:37.290  INFO 72679 --- [    Test worker] o.s.s.concurrent.ThreadPoolTaskExecutor  : Initializing ExecutorService 'applicationTaskExecutor'
2022-05-16 22:44:37.301  WARN 72679 --- [    Test worker] aWebConfiguration$JpaWebMvcConfiguration : spring.jpa.open-in-view is enabled by default. Therefore, database queries may be performed during view rendering. Explicitly configure spring.jpa.open-in-view to disable this warning
2022-05-16 22:44:37.322  INFO 72679 --- [    Test worker] o.s.b.a.w.s.WelcomePageHandlerMapping    : Adding welcome page template: index
2022-05-16 22:44:37.509  INFO 72679 --- [    Test worker] s.a.ScheduledAnnotationBeanPostProcessor : No TaskScheduler/ScheduledExecutorService bean found for scheduled processing
2022-05-16 22:44:37.533  INFO 72679 --- [    Test worker] o.s.b.w.embedded.tomcat.TomcatWebServer  : Tomcat started on port(s): 58773 (http) with context path ''
2022-05-16 22:44:37.534  INFO 72679 --- [    Test worker] c.s.book.web.IndexControllerTest         : Started IndexControllerTest in 3.975 seconds (JVM running for 12.145)
2022-05-16 22:44:37.626  INFO 72679 --- [o-auto-1-exec-1] o.a.c.c.C.[Tomcat].[localhost].[/]       : Initializing Spring DispatcherServlet 'dispatcherServlet'
2022-05-16 22:44:37.627  INFO 72679 --- [o-auto-1-exec-1] o.s.web.servlet.DispatcherServlet        : Initializing Servlet 'dispatcherServlet'
2022-05-16 22:44:37.637  INFO 72679 --- [o-auto-1-exec-1] o.s.web.servlet.DispatcherServlet        : Completed initialization in 10 ms
Hibernate: select posts0_.id as id1_0_, posts0_.created_date as created_2_0_, posts0_.modified_date as modified3_0_, posts0_.author as author4_0_, posts0_.content as content5_0_, posts0_.title as title6_0_ from posts posts0_ order by posts0_.id DESC
]]></system-out>
  <system-err><![CDATA[]]></system-err>
</testsuite>
