<?xml version="1.0" encoding="UTF-8"?>
<testsuite name="com.springboot.book.domain.posts.PostsRepositoryTest" tests="2" skipped="0" failures="0" errors="0" timestamp="2022-05-14T11:44:13" hostname="Ha-MacPro.local" time="0.024">
  <properties/>
  <testcase name="게시글저장_불러오기" classname="com.springboot.book.domain.posts.PostsRepositoryTest" time="0.014"/>
  <testcase name="BaseTimeEntity_등록" classname="com.springboot.book.domain.posts.PostsRepositoryTest" time="0.01"/>
  <system-out><![CDATA[2022-05-14 20:44:07.730  INFO 71087 --- [    Test worker] .b.t.c.SpringBootTestContextBootstrapper : Neither @ContextConfiguration nor @ContextHierarchy found for test class [com.springboot.book.domain.posts.PostsRepositoryTest], using SpringBootContextLoader
2022-05-14 20:44:07.731  INFO 71087 --- [    Test worker] o.s.t.c.support.AbstractContextLoader    : Could not detect default resource locations for test class [com.springboot.book.domain.posts.PostsRepositoryTest]: no resource found for suffixes {-context.xml, Context.groovy}.
2022-05-14 20:44:07.731  INFO 71087 --- [    Test worker] t.c.s.AnnotationConfigContextLoaderUtils : Could not detect default configuration classes for test class [com.springboot.book.domain.posts.PostsRepositoryTest]: PostsRepositoryTest does not declare any static, non-private, non-final, nested classes annotated with @Configuration.
2022-05-14 20:44:07.738  INFO 71087 --- [    Test worker] .b.t.c.SpringBootTestContextBootstrapper : Found @SpringBootConfiguration com.springboot.book.Application for test class com.springboot.book.domain.posts.PostsRepositoryTest
2022-05-14 20:44:07.740  INFO 71087 --- [    Test worker] .b.t.c.SpringBootTestContextBootstrapper : Loaded default TestExecutionListener class names from location [META-INF/spring.factories]: [org.springframework.boot.test.autoconfigure.restdocs.RestDocsTestExecutionListener, org.springframework.boot.test.autoconfigure.web.client.MockRestServiceServerResetTestExecutionListener, org.springframework.boot.test.autoconfigure.web.servlet.MockMvcPrintOnlyOnFailureTestExecutionListener, org.springframework.boot.test.autoconfigure.web.servlet.WebDriverTestExecutionListener, org.springframework.boot.test.mock.mockito.MockitoTestExecutionListener, org.springframework.boot.test.mock.mockito.ResetMocksTestExecutionListener, org.springframework.test.context.web.ServletTestExecutionListener, org.springframework.test.context.support.DirtiesContextBeforeModesTestExecutionListener, org.springframework.test.context.support.DependencyInjectionTestExecutionListener, org.springframework.test.context.support.DirtiesContextTestExecutionListener, org.springframework.test.context.transaction.TransactionalTestExecutionListener, org.springframework.test.context.jdbc.SqlScriptsTestExecutionListener]
2022-05-14 20:44:07.740  INFO 71087 --- [    Test worker] .b.t.c.SpringBootTestContextBootstrapper : Using TestExecutionListeners: [org.springframework.test.context.web.ServletTestExecutionListener@78b4c9df, org.springframework.test.context.support.DirtiesContextBeforeModesTestExecutionListener@ddace3d, org.springframework.boot.test.mock.mockito.MockitoTestExecutionListener@4c6d5848, org.springframework.boot.test.autoconfigure.SpringBootDependencyInjectionTestExecutionListener@30c3778, org.springframework.test.context.support.DirtiesContextTestExecutionListener@5d28ecf7, org.springframework.test.context.transaction.TransactionalTestExecutionListener@6586a49, org.springframework.test.context.jdbc.SqlScriptsTestExecutionListener@20d1cdd2, org.springframework.boot.test.autoconfigure.restdocs.RestDocsTestExecutionListener@42849947, org.springframework.boot.test.autoconfigure.web.client.MockRestServiceServerResetTestExecutionListener@58d18ab4, org.springframework.boot.test.autoconfigure.web.servlet.MockMvcPrintOnlyOnFailureTestExecutionListener@1d9ea9c5, org.springframework.boot.test.autoconfigure.web.servlet.WebDriverTestExecutionListener@330f48f9, org.springframework.boot.test.mock.mockito.ResetMocksTestExecutionListener@5527a17e]

  .   ____          _            __ _ _
 /\\ / ___'_ __ _ _(_)_ __  __ _ \ \ \ \
( ( )\___ | '_ | '_| | '_ \/ _` | \ \ \ \
 \\/  ___)| |_)| | | | | || (_| |  ) ) ) )
  '  |____| .__|_| |_|_| |_\__, | / / / /
 =========|_|==============|___/=/_/_/_/
 :: Spring Boot ::        (v2.1.7.RELEASE)

2022-05-14 20:44:12.762  INFO 71087 --- [    Test worker] c.s.b.domain.posts.PostsRepositoryTest   : Starting PostsRepositoryTest on Ha-MacPro.local with PID 71087 (started by jisu in /Users/jisu/project/book-study/book-springboot-webservice)
2022-05-14 20:44:12.763  INFO 71087 --- [    Test worker] c.s.b.domain.posts.PostsRepositoryTest   : The following profiles are active: oauth
2022-05-14 20:44:12.885  INFO 71087 --- [    Test worker] .s.d.r.c.RepositoryConfigurationDelegate : Bootstrapping Spring Data repositories in DEFAULT mode.
2022-05-14 20:44:12.894  INFO 71087 --- [    Test worker] .s.d.r.c.RepositoryConfigurationDelegate : Finished Spring Data repository scanning in 9ms. Found 2 repository interfaces.
2022-05-14 20:44:12.957  INFO 71087 --- [    Test worker] trationDelegate$BeanPostProcessorChecker : Bean 'org.springframework.transaction.annotation.ProxyTransactionManagementConfiguration' of type [org.springframework.transaction.annotation.ProxyTransactionManagementConfiguration$$EnhancerBySpringCGLIB$$f6571233] is not eligible for getting processed by all BeanPostProcessors (for example: not eligible for auto-proxying)
2022-05-14 20:44:13.011  INFO 71087 --- [    Test worker] com.zaxxer.hikari.HikariDataSource       : HikariPool-2 - Starting...
2022-05-14 20:44:13.012  INFO 71087 --- [    Test worker] com.zaxxer.hikari.HikariDataSource       : HikariPool-2 - Start completed.
2022-05-14 20:44:13.024  INFO 71087 --- [    Test worker] o.hibernate.jpa.internal.util.LogHelper  : HHH000204: Processing PersistenceUnitInfo [
	name: default
	...]
2022-05-14 20:44:13.028  INFO 71087 --- [    Test worker] org.hibernate.dialect.Dialect            : HHH000400: Using dialect: org.hibernate.dialect.MySQL5InnoDBDialect
Hibernate: drop table if exists posts
Hibernate: drop table if exists user
Hibernate: create table posts (id bigint not null auto_increment, created_date datetime, modified_date datetime, author varchar(255), content TEXT not null, title varchar(500) not null, primary key (id)) engine=InnoDB
Hibernate: create table user (id bigint not null auto_increment, created_date datetime, modified_date datetime, email varchar(255) not null, name varchar(255) not null, picture varchar(255), role varchar(255) not null, primary key (id)) engine=InnoDB
2022-05-14 20:44:13.056  INFO 71087 --- [    Test worker] o.h.t.schema.internal.SchemaCreatorImpl  : HHH000476: Executing import script 'org.hibernate.tool.schema.internal.exec.ScriptSourceInputNonExistentImpl@1d04cdaa'
2022-05-14 20:44:13.057  INFO 71087 --- [    Test worker] j.LocalContainerEntityManagerFactoryBean : Initialized JPA EntityManagerFactory for persistence unit 'default'
2022-05-14 20:44:13.165  INFO 71087 --- [    Test worker] o.h.h.i.QueryTranslatorFactoryInitiator  : HHH000397: Using ASTQueryTranslatorFactory
2022-05-14 20:44:13.239  INFO 71087 --- [    Test worker] o.s.s.web.DefaultSecurityFilterChain     : Creating filter chain: any request, [org.springframework.security.web.context.request.async.WebAsyncManagerIntegrationFilter@a7fa609, org.springframework.security.web.context.SecurityContextPersistenceFilter@6b203490, org.springframework.security.web.header.HeaderWriterFilter@7eef9544, org.springframework.security.web.authentication.logout.LogoutFilter@29e612b2, org.springframework.security.oauth2.client.web.OAuth2AuthorizationRequestRedirectFilter@356a0d0e, org.springframework.security.oauth2.client.web.OAuth2LoginAuthenticationFilter@2caaed47, org.springframework.security.web.authentication.ui.DefaultLoginPageGeneratingFilter@43082af7, org.springframework.security.web.authentication.ui.DefaultLogoutPageGeneratingFilter@1b8a846b, org.springframework.security.web.savedrequest.RequestCacheAwareFilter@4f2429d3, org.springframework.security.web.servletapi.SecurityContextHolderAwareRequestFilter@4d63c0c6, org.springframework.security.web.authentication.AnonymousAuthenticationFilter@7eede869, org.springframework.security.web.session.SessionManagementFilter@4914e8b, org.springframework.security.web.access.ExceptionTranslationFilter@4e40897, org.springframework.security.web.access.intercept.FilterSecurityInterceptor@49db07fa]
2022-05-14 20:44:13.386  INFO 71087 --- [    Test worker] o.s.s.concurrent.ThreadPoolTaskExecutor  : Initializing ExecutorService 'applicationTaskExecutor'
2022-05-14 20:44:13.395  WARN 71087 --- [    Test worker] aWebConfiguration$JpaWebMvcConfiguration : spring.jpa.open-in-view is enabled by default. Therefore, database queries may be performed during view rendering. Explicitly configure spring.jpa.open-in-view to disable this warning
2022-05-14 20:44:13.413  INFO 71087 --- [    Test worker] o.s.b.a.w.s.WelcomePageHandlerMapping    : Adding welcome page template: index
2022-05-14 20:44:13.609  INFO 71087 --- [    Test worker] s.a.ScheduledAnnotationBeanPostProcessor : No TaskScheduler/ScheduledExecutorService bean found for scheduled processing
2022-05-14 20:44:13.611  INFO 71087 --- [    Test worker] c.s.b.domain.posts.PostsRepositoryTest   : Started PostsRepositoryTest in 5.869 seconds (JVM running for 18.013)
Hibernate: insert into posts (created_date, modified_date, author, content, title) values (?, ?, ?, ?, ?)
Hibernate: select posts0_.id as id1_0_, posts0_.created_date as created_2_0_, posts0_.modified_date as modified3_0_, posts0_.author as author4_0_, posts0_.content as content5_0_, posts0_.title as title6_0_ from posts posts0_
Hibernate: select posts0_.id as id1_0_, posts0_.created_date as created_2_0_, posts0_.modified_date as modified3_0_, posts0_.author as author4_0_, posts0_.content as content5_0_, posts0_.title as title6_0_ from posts posts0_
Hibernate: delete from posts where id=?
Hibernate: insert into posts (created_date, modified_date, author, content, title) values (?, ?, ?, ?, ?)
Hibernate: select posts0_.id as id1_0_, posts0_.created_date as created_2_0_, posts0_.modified_date as modified3_0_, posts0_.author as author4_0_, posts0_.content as content5_0_, posts0_.title as title6_0_ from posts posts0_
>>>>> createDate=2022-05-14T20:44:13.638033, modifiedDate=2022-05-14T20:44:13.638033
Hibernate: select posts0_.id as id1_0_, posts0_.created_date as created_2_0_, posts0_.modified_date as modified3_0_, posts0_.author as author4_0_, posts0_.content as content5_0_, posts0_.title as title6_0_ from posts posts0_
Hibernate: delete from posts where id=?
]]></system-out>
  <system-err><![CDATA[]]></system-err>
</testsuite>
