<?xml version="1.0" encoding="UTF-8"?>
<testsuite name="com.springboot.book.web.IndexControllerTest" tests="1" skipped="0" failures="0" errors="0" timestamp="2022-05-14T11:44:07" hostname="Ha-MacPro.local" time="0.317">
  <properties/>
  <testcase name="메인페이지_로딩" classname="com.springboot.book.web.IndexControllerTest" time="0.317"/>
  <system-out><![CDATA[2022-05-14 20:44:03.158  INFO 71087 --- [    Test worker] .b.t.c.SpringBootTestContextBootstrapper : Neither @ContextConfiguration nor @ContextHierarchy found for test class [com.springboot.book.web.IndexControllerTest], using SpringBootContextLoader
2022-05-14 20:44:03.159  INFO 71087 --- [    Test worker] o.s.t.c.support.AbstractContextLoader    : Could not detect default resource locations for test class [com.springboot.book.web.IndexControllerTest]: no resource found for suffixes {-context.xml, Context.groovy}.
2022-05-14 20:44:03.160  INFO 71087 --- [    Test worker] t.c.s.AnnotationConfigContextLoaderUtils : Could not detect default configuration classes for test class [com.springboot.book.web.IndexControllerTest]: IndexControllerTest does not declare any static, non-private, non-final, nested classes annotated with @Configuration.
2022-05-14 20:44:03.163  INFO 71087 --- [    Test worker] .b.t.c.SpringBootTestContextBootstrapper : Found @SpringBootConfiguration com.springboot.book.Application for test class com.springboot.book.web.IndexControllerTest
2022-05-14 20:44:03.165  INFO 71087 --- [    Test worker] .b.t.c.SpringBootTestContextBootstrapper : Loaded default TestExecutionListener class names from location [META-INF/spring.factories]: [org.springframework.boot.test.autoconfigure.restdocs.RestDocsTestExecutionListener, org.springframework.boot.test.autoconfigure.web.client.MockRestServiceServerResetTestExecutionListener, org.springframework.boot.test.autoconfigure.web.servlet.MockMvcPrintOnlyOnFailureTestExecutionListener, org.springframework.boot.test.autoconfigure.web.servlet.WebDriverTestExecutionListener, org.springframework.boot.test.mock.mockito.MockitoTestExecutionListener, org.springframework.boot.test.mock.mockito.ResetMocksTestExecutionListener, org.springframework.test.context.web.ServletTestExecutionListener, org.springframework.test.context.support.DirtiesContextBeforeModesTestExecutionListener, org.springframework.test.context.support.DependencyInjectionTestExecutionListener, org.springframework.test.context.support.DirtiesContextTestExecutionListener, org.springframework.test.context.transaction.TransactionalTestExecutionListener, org.springframework.test.context.jdbc.SqlScriptsTestExecutionListener]
2022-05-14 20:44:03.166  INFO 71087 --- [    Test worker] .b.t.c.SpringBootTestContextBootstrapper : Using TestExecutionListeners: [org.springframework.test.context.web.ServletTestExecutionListener@5924459f, org.springframework.test.context.support.DirtiesContextBeforeModesTestExecutionListener@395cb47a, org.springframework.boot.test.mock.mockito.MockitoTestExecutionListener@bd42f9e, org.springframework.boot.test.autoconfigure.SpringBootDependencyInjectionTestExecutionListener@166ec78a, org.springframework.test.context.support.DirtiesContextTestExecutionListener@6d1d6065, org.springframework.test.context.transaction.TransactionalTestExecutionListener@31bee6d8, org.springframework.test.context.jdbc.SqlScriptsTestExecutionListener@1b3c87ae, org.springframework.boot.test.autoconfigure.restdocs.RestDocsTestExecutionListener@7b8e51d4, org.springframework.boot.test.autoconfigure.web.client.MockRestServiceServerResetTestExecutionListener@7d960888, org.springframework.boot.test.autoconfigure.web.servlet.MockMvcPrintOnlyOnFailureTestExecutionListener@3b58a9c4, org.springframework.boot.test.autoconfigure.web.servlet.WebDriverTestExecutionListener@442658f6, org.springframework.boot.test.mock.mockito.ResetMocksTestExecutionListener@4d2fa157]

  .   ____          _            __ _ _
 /\\ / ___'_ __ _ _(_)_ __  __ _ \ \ \ \
( ( )\___ | '_ | '_| | '_ \/ _` | \ \ \ \
 \\/  ___)| |_)| | | | | || (_| |  ) ) ) )
  '  |____| .__|_| |_|_| |_\__, | / / / /
 =========|_|==============|___/=/_/_/_/
 :: Spring Boot ::        (v2.1.7.RELEASE)

2022-05-14 20:44:03.211  INFO 71087 --- [    Test worker] c.s.book.web.IndexControllerTest         : Starting IndexControllerTest on Ha-MacPro.local with PID 71087 (started by jisu in /Users/jisu/project/book-study/book-springboot-webservice)
2022-05-14 20:44:03.211  INFO 71087 --- [    Test worker] c.s.book.web.IndexControllerTest         : The following profiles are active: oauth
2022-05-14 20:44:03.464  INFO 71087 --- [    Test worker] .s.d.r.c.RepositoryConfigurationDelegate : Bootstrapping Spring Data repositories in DEFAULT mode.
2022-05-14 20:44:03.516  INFO 71087 --- [    Test worker] .s.d.r.c.RepositoryConfigurationDelegate : Finished Spring Data repository scanning in 42ms. Found 2 repository interfaces.
2022-05-14 20:44:03.734  INFO 71087 --- [    Test worker] trationDelegate$BeanPostProcessorChecker : Bean 'org.springframework.transaction.annotation.ProxyTransactionManagementConfiguration' of type [org.springframework.transaction.annotation.ProxyTransactionManagementConfiguration$$EnhancerBySpringCGLIB$$f6571233] is not eligible for getting processed by all BeanPostProcessors (for example: not eligible for auto-proxying)
2022-05-14 20:44:04.012  INFO 71087 --- [    Test worker] o.s.b.w.embedded.tomcat.TomcatWebServer  : Tomcat initialized with port(s): 0 (http)
2022-05-14 20:44:04.041  INFO 71087 --- [    Test worker] o.apache.catalina.core.StandardService   : Starting service [Tomcat]
2022-05-14 20:44:04.042  INFO 71087 --- [    Test worker] org.apache.catalina.core.StandardEngine  : Starting Servlet engine: [Apache Tomcat/9.0.22]
2022-05-14 20:44:04.181  INFO 71087 --- [    Test worker] o.a.c.c.C.[Tomcat].[localhost].[/]       : Initializing Spring embedded WebApplicationContext
2022-05-14 20:44:04.181  INFO 71087 --- [    Test worker] o.s.web.context.ContextLoader            : Root WebApplicationContext: initialization completed in 968 ms
2022-05-14 20:44:04.372  INFO 71087 --- [    Test worker] com.zaxxer.hikari.HikariDataSource       : HikariPool-1 - Starting...
2022-05-14 20:44:04.533  INFO 71087 --- [    Test worker] com.zaxxer.hikari.HikariDataSource       : HikariPool-1 - Start completed.
2022-05-14 20:44:04.606  INFO 71087 --- [    Test worker] o.hibernate.jpa.internal.util.LogHelper  : HHH000204: Processing PersistenceUnitInfo [
	name: default
	...]
2022-05-14 20:44:04.679  INFO 71087 --- [    Test worker] org.hibernate.Version                    : HHH000412: Hibernate Core {5.3.10.Final}
2022-05-14 20:44:04.682  INFO 71087 --- [    Test worker] org.hibernate.cfg.Environment            : HHH000206: hibernate.properties not found
2022-05-14 20:44:04.846  INFO 71087 --- [    Test worker] o.hibernate.annotations.common.Version   : HCANN000001: Hibernate Commons Annotations {5.0.4.Final}
2022-05-14 20:44:04.974  INFO 71087 --- [    Test worker] org.hibernate.dialect.Dialect            : HHH000400: Using dialect: org.hibernate.dialect.MySQL5InnoDBDialect
Hibernate: drop table if exists posts
Hibernate: drop table if exists user
Hibernate: create table posts (id bigint not null auto_increment, created_date datetime, modified_date datetime, author varchar(255), content TEXT not null, title varchar(500) not null, primary key (id)) engine=InnoDB
Hibernate: create table user (id bigint not null auto_increment, created_date datetime, modified_date datetime, email varchar(255) not null, name varchar(255) not null, picture varchar(255), role varchar(255) not null, primary key (id)) engine=InnoDB
2022-05-14 20:44:05.666  INFO 71087 --- [    Test worker] o.h.t.schema.internal.SchemaCreatorImpl  : HHH000476: Executing import script 'org.hibernate.tool.schema.internal.exec.ScriptSourceInputNonExistentImpl@1d04cdaa'
2022-05-14 20:44:05.669  INFO 71087 --- [    Test worker] j.LocalContainerEntityManagerFactoryBean : Initialized JPA EntityManagerFactory for persistence unit 'default'
2022-05-14 20:44:06.205  INFO 71087 --- [    Test worker] o.h.h.i.QueryTranslatorFactoryInitiator  : HHH000397: Using ASTQueryTranslatorFactory
2022-05-14 20:44:06.547  INFO 71087 --- [    Test worker] o.s.s.web.DefaultSecurityFilterChain     : Creating filter chain: any request, [org.springframework.security.web.context.request.async.WebAsyncManagerIntegrationFilter@6b530624, org.springframework.security.web.context.SecurityContextPersistenceFilter@2b3b0686, org.springframework.security.web.header.HeaderWriterFilter@6a0293d3, org.springframework.security.web.authentication.logout.LogoutFilter@7a980c33, org.springframework.security.oauth2.client.web.OAuth2AuthorizationRequestRedirectFilter@52e33461, org.springframework.security.oauth2.client.web.OAuth2LoginAuthenticationFilter@67651793, org.springframework.security.web.authentication.ui.DefaultLoginPageGeneratingFilter@4fbe2153, org.springframework.security.web.authentication.ui.DefaultLogoutPageGeneratingFilter@27ed148, org.springframework.security.web.savedrequest.RequestCacheAwareFilter@28abb859, org.springframework.security.web.servletapi.SecurityContextHolderAwareRequestFilter@78a08fc4, org.springframework.security.web.authentication.AnonymousAuthenticationFilter@2396971b, org.springframework.security.web.session.SessionManagementFilter@64e90267, org.springframework.security.web.access.ExceptionTranslationFilter@47e0538a, org.springframework.security.web.access.intercept.FilterSecurityInterceptor@7ccad91b]
2022-05-14 20:44:06.830  INFO 71087 --- [    Test worker] o.s.s.concurrent.ThreadPoolTaskExecutor  : Initializing ExecutorService 'applicationTaskExecutor'
2022-05-14 20:44:06.877  WARN 71087 --- [    Test worker] aWebConfiguration$JpaWebMvcConfiguration : spring.jpa.open-in-view is enabled by default. Therefore, database queries may be performed during view rendering. Explicitly configure spring.jpa.open-in-view to disable this warning
2022-05-14 20:44:06.916  INFO 71087 --- [    Test worker] o.s.b.a.w.s.WelcomePageHandlerMapping    : Adding welcome page template: index
2022-05-14 20:44:07.171  INFO 71087 --- [    Test worker] s.a.ScheduledAnnotationBeanPostProcessor : No TaskScheduler/ScheduledExecutorService bean found for scheduled processing
2022-05-14 20:44:07.196  INFO 71087 --- [    Test worker] o.s.b.w.embedded.tomcat.TomcatWebServer  : Tomcat started on port(s): 64721 (http) with context path ''
2022-05-14 20:44:07.198  INFO 71087 --- [    Test worker] c.s.book.web.IndexControllerTest         : Started IndexControllerTest in 4.029 seconds (JVM running for 11.6)
2022-05-14 20:44:07.389  INFO 71087 --- [o-auto-1-exec-1] o.a.c.c.C.[Tomcat].[localhost].[/]       : Initializing Spring DispatcherServlet 'dispatcherServlet'
2022-05-14 20:44:07.390  INFO 71087 --- [o-auto-1-exec-1] o.s.web.servlet.DispatcherServlet        : Initializing Servlet 'dispatcherServlet'
2022-05-14 20:44:07.406  INFO 71087 --- [o-auto-1-exec-1] o.s.web.servlet.DispatcherServlet        : Completed initialization in 16 ms
Hibernate: select posts0_.id as id1_0_, posts0_.created_date as created_2_0_, posts0_.modified_date as modified3_0_, posts0_.author as author4_0_, posts0_.content as content5_0_, posts0_.title as title6_0_ from posts posts0_ order by posts0_.id DESC
]]></system-out>
  <system-err><![CDATA[]]></system-err>
</testsuite>
