<?xml version="1.0" encoding="UTF-8"?>
<testsuite name="com.springboot.book.web.dto.HelloResponseDtoTest" tests="1" skipped="0" failures="0" errors="0" timestamp="2022-05-16T13:44:25" hostname="Ha-MacPro.local" time="0.058">
  <properties/>
  <testcase name="롬복_기능_테스트" classname="com.springboot.book.web.dto.HelloResponseDtoTest" time="0.058"/>
  <system-out><![CDATA[]]></system-out>
  <system-err><![CDATA[]]></system-err>
</testsuite>
