<?xml version="1.0" encoding="UTF-8"?>
<testsuite name="com.springboot.book.web.PostsApiControllerTest" tests="2" skipped="0" failures="0" errors="0" timestamp="2022-07-23T07:50:26" hostname="Ha-MacPro.local" time="0.395">
  <properties/>
  <testcase name="Posts_등록된다" classname="com.springboot.book.web.PostsApiControllerTest" time="0.367"/>
  <testcase name="Posts_수정된다" classname="com.springboot.book.web.PostsApiControllerTest" time="0.027"/>
  <system-out><![CDATA[16:50:17.387 [Test worker] DEBUG org.springframework.test.context.junit4.SpringJUnit4ClassRunner - SpringJUnit4ClassRunner constructor called with [class com.springboot.book.web.PostsApiControllerTest]
16:50:17.395 [Test worker] DEBUG org.springframework.test.context.BootstrapUtils - Instantiating CacheAwareContextLoaderDelegate from class [org.springframework.test.context.cache.DefaultCacheAwareContextLoaderDelegate]
16:50:17.400 [Test worker] DEBUG org.springframework.test.context.BootstrapUtils - Instantiating BootstrapContext using constructor [public org.springframework.test.context.support.DefaultBootstrapContext(java.lang.Class,org.springframework.test.context.CacheAwareContextLoaderDelegate)]
16:50:17.412 [Test worker] DEBUG org.springframework.test.context.BootstrapUtils - Instantiating TestContextBootstrapper for test class [com.springboot.book.web.PostsApiControllerTest] from class [org.springframework.boot.test.context.SpringBootTestContextBootstrapper]
16:50:17.419 [Test worker] INFO org.springframework.boot.test.context.SpringBootTestContextBootstrapper - Neither @ContextConfiguration nor @ContextHierarchy found for test class [com.springboot.book.web.PostsApiControllerTest], using SpringBootContextLoader
16:50:17.422 [Test worker] DEBUG org.springframework.test.context.support.AbstractContextLoader - Did not detect default resource location for test class [com.springboot.book.web.PostsApiControllerTest]: class path resource [com/springboot/book/web/PostsApiControllerTest-context.xml] does not exist
16:50:17.422 [Test worker] DEBUG org.springframework.test.context.support.AbstractContextLoader - Did not detect default resource location for test class [com.springboot.book.web.PostsApiControllerTest]: class path resource [com/springboot/book/web/PostsApiControllerTestContext.groovy] does not exist
16:50:17.423 [Test worker] INFO org.springframework.test.context.support.AbstractContextLoader - Could not detect default resource locations for test class [com.springboot.book.web.PostsApiControllerTest]: no resource found for suffixes {-context.xml, Context.groovy}.
16:50:17.423 [Test worker] INFO org.springframework.test.context.support.AnnotationConfigContextLoaderUtils - Could not detect default configuration classes for test class [com.springboot.book.web.PostsApiControllerTest]: PostsApiControllerTest does not declare any static, non-private, non-final, nested classes annotated with @Configuration.
16:50:17.453 [Test worker] DEBUG org.springframework.test.context.support.ActiveProfilesUtils - Could not find an 'annotation declaring class' for annotation type [org.springframework.test.context.ActiveProfiles] and class [com.springboot.book.web.PostsApiControllerTest]
16:50:17.528 [Test worker] DEBUG org.springframework.context.annotation.ClassPathScanningCandidateComponentProvider - Identified candidate component class: file [/Users/jisu/project/book-study/book-springboot-webservice/build/classes/java/main/com/springboot/book/Application.class]
16:50:17.528 [Test worker] INFO org.springframework.boot.test.context.SpringBootTestContextBootstrapper - Found @SpringBootConfiguration com.springboot.book.Application for test class com.springboot.book.web.PostsApiControllerTest
16:50:17.595 [Test worker] DEBUG org.springframework.boot.test.context.SpringBootTestContextBootstrapper - @TestExecutionListeners is not present for class [com.springboot.book.web.PostsApiControllerTest]: using defaults.
16:50:17.596 [Test worker] INFO org.springframework.boot.test.context.SpringBootTestContextBootstrapper - Loaded default TestExecutionListener class names from location [META-INF/spring.factories]: [org.springframework.security.test.context.support.WithSecurityContextTestExecutionListener, org.springframework.security.test.context.support.ReactorContextTestExecutionListener, org.springframework.boot.test.autoconfigure.restdocs.RestDocsTestExecutionListener, org.springframework.boot.test.autoconfigure.web.client.MockRestServiceServerResetTestExecutionListener, org.springframework.boot.test.autoconfigure.web.servlet.MockMvcPrintOnlyOnFailureTestExecutionListener, org.springframework.boot.test.autoconfigure.web.servlet.WebDriverTestExecutionListener, org.springframework.boot.test.mock.mockito.MockitoTestExecutionListener, org.springframework.boot.test.mock.mockito.ResetMocksTestExecutionListener, org.springframework.test.context.web.ServletTestExecutionListener, org.springframework.test.context.support.DirtiesContextBeforeModesTestExecutionListener, org.springframework.test.context.support.DependencyInjectionTestExecutionListener, org.springframework.test.context.support.DirtiesContextTestExecutionListener, org.springframework.test.context.transaction.TransactionalTestExecutionListener, org.springframework.test.context.jdbc.SqlScriptsTestExecutionListener]
16:50:17.609 [Test worker] INFO org.springframework.boot.test.context.SpringBootTestContextBootstrapper - Using TestExecutionListeners: [org.springframework.test.context.web.ServletTestExecutionListener@3ab8ba43, org.springframework.test.context.support.DirtiesContextBeforeModesTestExecutionListener@627b3a5, org.springframework.boot.test.mock.mockito.MockitoTestExecutionListener@43898e7, org.springframework.boot.test.autoconfigure.SpringBootDependencyInjectionTestExecutionListener@17681fd0, org.springframework.test.context.support.DirtiesContextTestExecutionListener@68fdd5dc, org.springframework.test.context.transaction.TransactionalTestExecutionListener@537ce9fd, org.springframework.test.context.jdbc.SqlScriptsTestExecutionListener@1343acd5, org.springframework.security.test.context.support.WithSecurityContextTestExecutionListener@4482a7f2, org.springframework.security.test.context.support.ReactorContextTestExecutionListener@42d7c98b, org.springframework.boot.test.autoconfigure.restdocs.RestDocsTestExecutionListener@76d0f32d, org.springframework.boot.test.autoconfigure.web.client.MockRestServiceServerResetTestExecutionListener@78fbdc26, org.springframework.boot.test.autoconfigure.web.servlet.MockMvcPrintOnlyOnFailureTestExecutionListener@291759fc, org.springframework.boot.test.autoconfigure.web.servlet.WebDriverTestExecutionListener@557056c4, org.springframework.boot.test.mock.mockito.ResetMocksTestExecutionListener@24c89edc]
16:50:17.611 [Test worker] DEBUG org.springframework.test.annotation.ProfileValueUtils - Retrieved @ProfileValueSourceConfiguration [null] for test class [com.springboot.book.web.PostsApiControllerTest]
16:50:17.611 [Test worker] DEBUG org.springframework.test.annotation.ProfileValueUtils - Retrieved ProfileValueSource type [class org.springframework.test.annotation.SystemProfileValueSource] for class [com.springboot.book.web.PostsApiControllerTest]
16:50:17.614 [Test worker] DEBUG org.springframework.test.annotation.ProfileValueUtils - Retrieved @ProfileValueSourceConfiguration [null] for test class [com.springboot.book.web.PostsApiControllerTest]
16:50:17.614 [Test worker] DEBUG org.springframework.test.annotation.ProfileValueUtils - Retrieved ProfileValueSource type [class org.springframework.test.annotation.SystemProfileValueSource] for class [com.springboot.book.web.PostsApiControllerTest]
16:50:17.614 [Test worker] DEBUG org.springframework.test.annotation.ProfileValueUtils - Retrieved @ProfileValueSourceConfiguration [null] for test class [com.springboot.book.web.PostsApiControllerTest]
16:50:17.615 [Test worker] DEBUG org.springframework.test.annotation.ProfileValueUtils - Retrieved ProfileValueSource type [class org.springframework.test.annotation.SystemProfileValueSource] for class [com.springboot.book.web.PostsApiControllerTest]
16:50:17.618 [Test worker] DEBUG org.springframework.test.context.support.AbstractDirtiesContextTestExecutionListener - Before test class: context [DefaultTestContext@25d48737 testClass = PostsApiControllerTest, testInstance = [null], testMethod = [null], testException = [null], mergedContextConfiguration = [WebMergedContextConfiguration@6e9cfdaf testClass = PostsApiControllerTest, locations = '{}', classes = '{class com.springboot.book.Application}', contextInitializerClasses = '[]', activeProfiles = '{}', propertySourceLocations = '{}', propertySourceProperties = '{org.springframework.boot.test.context.SpringBootTestContextBootstrapper=true, server.port=0}', contextCustomizers = set[org.springframework.boot.test.autoconfigure.properties.PropertyMappingContextCustomizer@0, org.springframework.boot.test.autoconfigure.web.servlet.WebDriverContextCustomizerFactory$Customizer@1c61e592, org.springframework.boot.test.context.filter.ExcludeFilterContextCustomizer@2040d8ab, org.springframework.boot.test.json.DuplicateJsonObjectContextCustomizerFactory$DuplicateJsonObjectContextCustomizer@63fee031, org.springframework.boot.test.mock.mockito.MockitoContextCustomizer@0, org.springframework.boot.test.web.client.TestRestTemplateContextCustomizer@439e9f3c], resourceBasePath = 'src/main/webapp', contextLoader = 'org.springframework.boot.test.context.SpringBootContextLoader', parent = [null]], attributes = map['org.springframework.test.context.web.ServletTestExecutionListener.activateListener' -> false]], class annotated with @DirtiesContext [false] with mode [null].
16:50:17.618 [Test worker] DEBUG org.springframework.test.annotation.ProfileValueUtils - Retrieved @ProfileValueSourceConfiguration [null] for test class [com.springboot.book.web.PostsApiControllerTest]
16:50:17.619 [Test worker] DEBUG org.springframework.test.annotation.ProfileValueUtils - Retrieved ProfileValueSource type [class org.springframework.test.annotation.SystemProfileValueSource] for class [com.springboot.book.web.PostsApiControllerTest]
16:50:17.623 [Test worker] DEBUG org.springframework.test.context.support.DependencyInjectionTestExecutionListener - Performing dependency injection for test context [[DefaultTestContext@25d48737 testClass = PostsApiControllerTest, testInstance = com.springboot.book.web.PostsApiControllerTest@7161d216, testMethod = [null], testException = [null], mergedContextConfiguration = [WebMergedContextConfiguration@6e9cfdaf testClass = PostsApiControllerTest, locations = '{}', classes = '{class com.springboot.book.Application}', contextInitializerClasses = '[]', activeProfiles = '{}', propertySourceLocations = '{}', propertySourceProperties = '{org.springframework.boot.test.context.SpringBootTestContextBootstrapper=true, server.port=0}', contextCustomizers = set[org.springframework.boot.test.autoconfigure.properties.PropertyMappingContextCustomizer@0, org.springframework.boot.test.autoconfigure.web.servlet.WebDriverContextCustomizerFactory$Customizer@1c61e592, org.springframework.boot.test.context.filter.ExcludeFilterContextCustomizer@2040d8ab, org.springframework.boot.test.json.DuplicateJsonObjectContextCustomizerFactory$DuplicateJsonObjectContextCustomizer@63fee031, org.springframework.boot.test.mock.mockito.MockitoContextCustomizer@0, org.springframework.boot.test.web.client.TestRestTemplateContextCustomizer@439e9f3c], resourceBasePath = 'src/main/webapp', contextLoader = 'org.springframework.boot.test.context.SpringBootContextLoader', parent = [null]], attributes = map['org.springframework.test.context.web.ServletTestExecutionListener.activateListener' -> false]]].
16:50:17.636 [Test worker] DEBUG org.springframework.test.context.support.TestPropertySourceUtils - Adding inlined properties to environment: {spring.jmx.enabled=false, org.springframework.boot.test.context.SpringBootTestContextBootstrapper=true, server.port=0}

  .   ____          _            __ _ _
 /\\ / ___'_ __ _ _(_)_ __  __ _ \ \ \ \
( ( )\___ | '_ | '_| | '_ \/ _` | \ \ \ \
 \\/  ___)| |_)| | | | | || (_| |  ) ) ) )
  '  |____| .__|_| |_|_| |_\__, | / / / /
 =========|_|==============|___/=/_/_/_/
 :: Spring Boot ::        (v2.1.7.RELEASE)

2022-07-23 16:50:22.839  INFO 20575 --- [    Test worker] c.s.book.web.PostsApiControllerTest      : Starting PostsApiControllerTest on Ha-MacPro.local with PID 20575 (started by jisu in /Users/jisu/project/book-study/book-springboot-webservice)
2022-07-23 16:50:22.840  INFO 20575 --- [    Test worker] c.s.book.web.PostsApiControllerTest      : No active profile set, falling back to default profiles: default
2022-07-23 16:50:23.390  INFO 20575 --- [    Test worker] .s.d.r.c.RepositoryConfigurationDelegate : Bootstrapping Spring Data repositories in DEFAULT mode.
2022-07-23 16:50:23.442  INFO 20575 --- [    Test worker] .s.d.r.c.RepositoryConfigurationDelegate : Finished Spring Data repository scanning in 47ms. Found 2 repository interfaces.
2022-07-23 16:50:23.854  INFO 20575 --- [    Test worker] trationDelegate$BeanPostProcessorChecker : Bean 'org.springframework.transaction.annotation.ProxyTransactionManagementConfiguration' of type [org.springframework.transaction.annotation.ProxyTransactionManagementConfiguration$$EnhancerBySpringCGLIB$$5d8cd261] is not eligible for getting processed by all BeanPostProcessors (for example: not eligible for auto-proxying)
2022-07-23 16:50:24.144  INFO 20575 --- [    Test worker] o.s.b.w.embedded.tomcat.TomcatWebServer  : Tomcat initialized with port(s): 0 (http)
2022-07-23 16:50:24.171  INFO 20575 --- [    Test worker] o.apache.catalina.core.StandardService   : Starting service [Tomcat]
2022-07-23 16:50:24.171  INFO 20575 --- [    Test worker] org.apache.catalina.core.StandardEngine  : Starting Servlet engine: [Apache Tomcat/9.0.22]
2022-07-23 16:50:24.294  INFO 20575 --- [    Test worker] o.a.c.c.C.[Tomcat].[localhost].[/]       : Initializing Spring embedded WebApplicationContext
2022-07-23 16:50:24.294  INFO 20575 --- [    Test worker] o.s.web.context.ContextLoader            : Root WebApplicationContext: initialization completed in 1442 ms
2022-07-23 16:50:24.508  INFO 20575 --- [    Test worker] com.zaxxer.hikari.HikariDataSource       : HikariPool-1 - Starting...
2022-07-23 16:50:24.637  INFO 20575 --- [    Test worker] com.zaxxer.hikari.HikariDataSource       : HikariPool-1 - Start completed.
2022-07-23 16:50:24.714  INFO 20575 --- [    Test worker] o.hibernate.jpa.internal.util.LogHelper  : HHH000204: Processing PersistenceUnitInfo [
	name: default
	...]
2022-07-23 16:50:24.764  INFO 20575 --- [    Test worker] org.hibernate.Version                    : HHH000412: Hibernate Core {5.3.10.Final}
2022-07-23 16:50:24.766  INFO 20575 --- [    Test worker] org.hibernate.cfg.Environment            : HHH000206: hibernate.properties not found
2022-07-23 16:50:24.876  INFO 20575 --- [    Test worker] o.hibernate.annotations.common.Version   : HCANN000001: Hibernate Commons Annotations {5.0.4.Final}
2022-07-23 16:50:24.982  INFO 20575 --- [    Test worker] org.hibernate.dialect.Dialect            : HHH000400: Using dialect: org.hibernate.dialect.MySQL5InnoDBDialect
Hibernate: drop table if exists posts
Hibernate: drop table if exists user
Hibernate: create table posts (id bigint not null auto_increment, created_date datetime, modified_date datetime, author varchar(255), content TEXT not null, title varchar(500) not null, primary key (id)) engine=InnoDB
Hibernate: create table user (id bigint not null auto_increment, created_date datetime, modified_date datetime, email varchar(255) not null, name varchar(255) not null, picture varchar(255), role varchar(255) not null, primary key (id)) engine=InnoDB
2022-07-23 16:50:25.523  INFO 20575 --- [    Test worker] o.h.t.schema.internal.SchemaCreatorImpl  : HHH000476: Executing import script 'org.hibernate.tool.schema.internal.exec.ScriptSourceInputNonExistentImpl@48d04b27'
2022-07-23 16:50:25.526  INFO 20575 --- [    Test worker] j.LocalContainerEntityManagerFactoryBean : Initialized JPA EntityManagerFactory for persistence unit 'default'
2022-07-23 16:50:26.016  INFO 20575 --- [    Test worker] o.h.h.i.QueryTranslatorFactoryInitiator  : HHH000397: Using ASTQueryTranslatorFactory
2022-07-23 16:50:26.305  INFO 20575 --- [    Test worker] o.s.s.web.DefaultSecurityFilterChain     : Creating filter chain: any request, [org.springframework.security.web.context.request.async.WebAsyncManagerIntegrationFilter@1e45b3bf, org.springframework.security.web.context.SecurityContextPersistenceFilter@6c6c594c, org.springframework.security.web.header.HeaderWriterFilter@73661b3c, org.springframework.security.web.authentication.logout.LogoutFilter@41a86b61, org.springframework.security.oauth2.client.web.OAuth2AuthorizationRequestRedirectFilter@7fb453d, org.springframework.security.oauth2.client.web.OAuth2LoginAuthenticationFilter@44b2a439, org.springframework.security.web.authentication.ui.DefaultLoginPageGeneratingFilter@3a4cb332, org.springframework.security.web.authentication.ui.DefaultLogoutPageGeneratingFilter@5756faa5, org.springframework.security.web.savedrequest.RequestCacheAwareFilter@7dcb9ed9, org.springframework.security.web.servletapi.SecurityContextHolderAwareRequestFilter@6670c72a, org.springframework.security.web.authentication.AnonymousAuthenticationFilter@40c72651, org.springframework.security.web.session.SessionManagementFilter@44af84fa, org.springframework.security.web.access.ExceptionTranslationFilter@1f01c082, org.springframework.security.web.access.intercept.FilterSecurityInterceptor@1ba30e40]
2022-07-23 16:50:26.550  INFO 20575 --- [    Test worker] o.s.s.concurrent.ThreadPoolTaskExecutor  : Initializing ExecutorService 'applicationTaskExecutor'
2022-07-23 16:50:26.594  WARN 20575 --- [    Test worker] aWebConfiguration$JpaWebMvcConfiguration : spring.jpa.open-in-view is enabled by default. Therefore, database queries may be performed during view rendering. Explicitly configure spring.jpa.open-in-view to disable this warning
2022-07-23 16:50:26.632  INFO 20575 --- [    Test worker] o.s.b.a.w.s.WelcomePageHandlerMapping    : Adding welcome page template: index
2022-07-23 16:50:26.874  INFO 20575 --- [    Test worker] s.a.ScheduledAnnotationBeanPostProcessor : No TaskScheduler/ScheduledExecutorService bean found for scheduled processing
2022-07-23 16:50:26.897  INFO 20575 --- [    Test worker] o.s.b.w.embedded.tomcat.TomcatWebServer  : Tomcat started on port(s): 61475 (http) with context path ''
2022-07-23 16:50:26.900  INFO 20575 --- [    Test worker] c.s.book.web.PostsApiControllerTest      : Started PostsApiControllerTest in 9.26 seconds (JVM running for 10.042)
2022-07-23 16:50:26.990  INFO 20575 --- [    Test worker] o.a.c.c.C.[Tomcat].[localhost].[/]       : Initializing Spring TestDispatcherServlet ''
2022-07-23 16:50:26.990  INFO 20575 --- [    Test worker] o.s.t.web.servlet.TestDispatcherServlet  : Initializing Servlet ''
2022-07-23 16:50:27.005  INFO 20575 --- [    Test worker] o.s.t.web.servlet.TestDispatcherServlet  : Completed initialization in 15 ms
Hibernate: insert into posts (created_date, modified_date, author, content, title) values (?, ?, ?, ?, ?)
Hibernate: select posts0_.id as id1_0_, posts0_.created_date as created_2_0_, posts0_.modified_date as modified3_0_, posts0_.author as author4_0_, posts0_.content as content5_0_, posts0_.title as title6_0_ from posts posts0_
Hibernate: select posts0_.id as id1_0_, posts0_.created_date as created_2_0_, posts0_.modified_date as modified3_0_, posts0_.author as author4_0_, posts0_.content as content5_0_, posts0_.title as title6_0_ from posts posts0_
Hibernate: delete from posts where id=?
2022-07-23 16:50:27.278  INFO 20575 --- [    Test worker] o.a.c.c.C.[Tomcat].[localhost].[/]       : Initializing Spring TestDispatcherServlet ''
2022-07-23 16:50:27.279  INFO 20575 --- [    Test worker] o.s.t.web.servlet.TestDispatcherServlet  : Initializing Servlet ''
2022-07-23 16:50:27.282  INFO 20575 --- [    Test worker] o.s.t.web.servlet.TestDispatcherServlet  : Completed initialization in 3 ms
Hibernate: insert into posts (created_date, modified_date, author, content, title) values (?, ?, ?, ?, ?)
Hibernate: select posts0_.id as id1_0_0_, posts0_.created_date as created_2_0_0_, posts0_.modified_date as modified3_0_0_, posts0_.author as author4_0_0_, posts0_.content as content5_0_0_, posts0_.title as title6_0_0_ from posts posts0_ where posts0_.id=?
Hibernate: update posts set created_date=?, modified_date=?, author=?, content=?, title=? where id=?
Hibernate: select posts0_.id as id1_0_, posts0_.created_date as created_2_0_, posts0_.modified_date as modified3_0_, posts0_.author as author4_0_, posts0_.content as content5_0_, posts0_.title as title6_0_ from posts posts0_
Hibernate: select posts0_.id as id1_0_, posts0_.created_date as created_2_0_, posts0_.modified_date as modified3_0_, posts0_.author as author4_0_, posts0_.content as content5_0_, posts0_.title as title6_0_ from posts posts0_
Hibernate: delete from posts where id=?
]]></system-out>
  <system-err><![CDATA[]]></system-err>
</testsuite>
