<?xml version="1.0" encoding="UTF-8"?>
<testsuite name="com.springboot.book.web.HelloControllerTest" tests="2" skipped="0" failures="0" errors="0" timestamp="2022-05-14T13:25:56" hostname="Ha-MacPro.local" time="0.346">
  <properties/>
  <testcase name="hello가_리턴된다" classname="com.springboot.book.web.HelloControllerTest" time="0.284"/>
  <testcase name="helloDto가_리턴된다" classname="com.springboot.book.web.HelloControllerTest" time="0.061"/>
  <system-out><![CDATA[22:25:49.210 [Test worker] DEBUG org.springframework.test.context.junit4.SpringJUnit4ClassRunner - SpringJUnit4ClassRunner constructor called with [class com.springboot.book.web.HelloControllerTest]
22:25:49.219 [Test worker] DEBUG org.springframework.test.context.BootstrapUtils - Instantiating CacheAwareContextLoaderDelegate from class [org.springframework.test.context.cache.DefaultCacheAwareContextLoaderDelegate]
22:25:49.225 [Test worker] DEBUG org.springframework.test.context.BootstrapUtils - Instantiating BootstrapContext using constructor [public org.springframework.test.context.support.DefaultBootstrapContext(java.lang.Class,org.springframework.test.context.CacheAwareContextLoaderDelegate)]
22:25:49.239 [Test worker] DEBUG org.springframework.test.context.BootstrapUtils - Instantiating TestContextBootstrapper for test class [com.springboot.book.web.HelloControllerTest] from class [org.springframework.boot.test.autoconfigure.web.servlet.WebMvcTestContextBootstrapper]
22:25:49.253 [Test worker] INFO org.springframework.boot.test.autoconfigure.web.servlet.WebMvcTestContextBootstrapper - Neither @ContextConfiguration nor @ContextHierarchy found for test class [com.springboot.book.web.HelloControllerTest], using SpringBootContextLoader
22:25:49.256 [Test worker] DEBUG org.springframework.test.context.support.AbstractContextLoader - Did not detect default resource location for test class [com.springboot.book.web.HelloControllerTest]: class path resource [com/springboot/book/web/HelloControllerTest-context.xml] does not exist
22:25:49.257 [Test worker] DEBUG org.springframework.test.context.support.AbstractContextLoader - Did not detect default resource location for test class [com.springboot.book.web.HelloControllerTest]: class path resource [com/springboot/book/web/HelloControllerTestContext.groovy] does not exist
22:25:49.257 [Test worker] INFO org.springframework.test.context.support.AbstractContextLoader - Could not detect default resource locations for test class [com.springboot.book.web.HelloControllerTest]: no resource found for suffixes {-context.xml, Context.groovy}.
22:25:49.258 [Test worker] INFO org.springframework.test.context.support.AnnotationConfigContextLoaderUtils - Could not detect default configuration classes for test class [com.springboot.book.web.HelloControllerTest]: HelloControllerTest does not declare any static, non-private, non-final, nested classes annotated with @Configuration.
22:25:49.317 [Test worker] DEBUG org.springframework.test.context.support.ActiveProfilesUtils - Could not find an 'annotation declaring class' for annotation type [org.springframework.test.context.ActiveProfiles] and class [com.springboot.book.web.HelloControllerTest]
22:25:49.376 [Test worker] DEBUG org.springframework.context.annotation.ClassPathScanningCandidateComponentProvider - Identified candidate component class: file [/Users/jisu/project/book-study/book-springboot-webservice/build/classes/java/main/com/springboot/book/Application.class]
22:25:49.377 [Test worker] INFO org.springframework.boot.test.context.SpringBootTestContextBootstrapper - Found @SpringBootConfiguration com.springboot.book.Application for test class com.springboot.book.web.HelloControllerTest
22:25:49.378 [Test worker] DEBUG org.springframework.boot.test.autoconfigure.web.servlet.WebMvcTestContextBootstrapper - @TestExecutionListeners is not present for class [com.springboot.book.web.HelloControllerTest]: using defaults.
22:25:49.379 [Test worker] INFO org.springframework.boot.test.autoconfigure.web.servlet.WebMvcTestContextBootstrapper - Loaded default TestExecutionListener class names from location [META-INF/spring.factories]: [org.springframework.security.test.context.support.WithSecurityContextTestExecutionListener, org.springframework.security.test.context.support.ReactorContextTestExecutionListener, org.springframework.boot.test.autoconfigure.restdocs.RestDocsTestExecutionListener, org.springframework.boot.test.autoconfigure.web.client.MockRestServiceServerResetTestExecutionListener, org.springframework.boot.test.autoconfigure.web.servlet.MockMvcPrintOnlyOnFailureTestExecutionListener, org.springframework.boot.test.autoconfigure.web.servlet.WebDriverTestExecutionListener, org.springframework.boot.test.mock.mockito.MockitoTestExecutionListener, org.springframework.boot.test.mock.mockito.ResetMocksTestExecutionListener, org.springframework.test.context.web.ServletTestExecutionListener, org.springframework.test.context.support.DirtiesContextBeforeModesTestExecutionListener, org.springframework.test.context.support.DependencyInjectionTestExecutionListener, org.springframework.test.context.support.DirtiesContextTestExecutionListener, org.springframework.test.context.transaction.TransactionalTestExecutionListener, org.springframework.test.context.jdbc.SqlScriptsTestExecutionListener]
22:25:49.394 [Test worker] INFO org.springframework.boot.test.autoconfigure.web.servlet.WebMvcTestContextBootstrapper - Using TestExecutionListeners: [org.springframework.test.context.web.ServletTestExecutionListener@39fb8115, org.springframework.test.context.support.DirtiesContextBeforeModesTestExecutionListener@30663503, org.springframework.boot.test.mock.mockito.MockitoTestExecutionListener@58abd925, org.springframework.boot.test.autoconfigure.SpringBootDependencyInjectionTestExecutionListener@405f94bd, org.springframework.test.context.support.DirtiesContextTestExecutionListener@2549468a, org.springframework.test.context.transaction.TransactionalTestExecutionListener@2486b10d, org.springframework.test.context.jdbc.SqlScriptsTestExecutionListener@22e23649, org.springframework.security.test.context.support.WithSecurityContextTestExecutionListener@1ea4a4d4, org.springframework.security.test.context.support.ReactorContextTestExecutionListener@7136cc9c, org.springframework.boot.test.autoconfigure.restdocs.RestDocsTestExecutionListener@60a9056e, org.springframework.boot.test.autoconfigure.web.client.MockRestServiceServerResetTestExecutionListener@534a274c, org.springframework.boot.test.autoconfigure.web.servlet.MockMvcPrintOnlyOnFailureTestExecutionListener@68f3bbf5, org.springframework.boot.test.autoconfigure.web.servlet.WebDriverTestExecutionListener@2fe6d85b, org.springframework.boot.test.mock.mockito.ResetMocksTestExecutionListener@74c3abc]
22:25:49.396 [Test worker] DEBUG org.springframework.test.annotation.ProfileValueUtils - Retrieved @ProfileValueSourceConfiguration [null] for test class [com.springboot.book.web.HelloControllerTest]
22:25:49.396 [Test worker] DEBUG org.springframework.test.annotation.ProfileValueUtils - Retrieved ProfileValueSource type [class org.springframework.test.annotation.SystemProfileValueSource] for class [com.springboot.book.web.HelloControllerTest]
22:25:49.397 [Test worker] DEBUG org.springframework.test.annotation.ProfileValueUtils - Retrieved @ProfileValueSourceConfiguration [null] for test class [com.springboot.book.web.HelloControllerTest]
22:25:49.397 [Test worker] DEBUG org.springframework.test.annotation.ProfileValueUtils - Retrieved ProfileValueSource type [class org.springframework.test.annotation.SystemProfileValueSource] for class [com.springboot.book.web.HelloControllerTest]
22:25:49.401 [Test worker] DEBUG org.springframework.test.context.support.AbstractDirtiesContextTestExecutionListener - Before test class: context [DefaultTestContext@36421475 testClass = HelloControllerTest, testInstance = [null], testMethod = [null], testException = [null], mergedContextConfiguration = [WebMergedContextConfiguration@5eaa593c testClass = HelloControllerTest, locations = '{}', classes = '{class com.springboot.book.Application}', contextInitializerClasses = '[]', activeProfiles = '{}', propertySourceLocations = '{}', propertySourceProperties = '{org.springframework.boot.test.autoconfigure.web.servlet.WebMvcTestContextBootstrapper=true}', contextCustomizers = set[org.springframework.boot.test.autoconfigure.OverrideAutoConfigurationContextCustomizerFactory$DisableAutoConfigurationContextCustomizer@708f3f9f, org.springframework.boot.test.autoconfigure.filter.TypeExcludeFiltersContextCustomizer@c417c41c, org.springframework.boot.test.autoconfigure.properties.PropertyMappingContextCustomizer@bae24fca, org.springframework.boot.test.autoconfigure.web.servlet.WebDriverContextCustomizerFactory$Customizer@6644d550, [ImportsContextCustomizer@57287235 key = [org.springframework.boot.autoconfigure.cache.CacheAutoConfiguration, org.springframework.boot.autoconfigure.context.MessageSourceAutoConfiguration, org.springframework.boot.autoconfigure.data.web.SpringDataWebAutoConfiguration, org.springframework.boot.autoconfigure.freemarker.FreeMarkerAutoConfiguration, org.springframework.boot.autoconfigure.groovy.template.GroovyTemplateAutoConfiguration, org.springframework.boot.autoconfigure.gson.GsonAutoConfiguration, org.springframework.boot.autoconfigure.hateoas.HypermediaAutoConfiguration, org.springframework.boot.autoconfigure.http.HttpMessageConvertersAutoConfiguration, org.springframework.boot.autoconfigure.jackson.JacksonAutoConfiguration, org.springframework.boot.autoconfigure.jsonb.JsonbAutoConfiguration, org.springframework.boot.autoconfigure.mustache.MustacheAutoConfiguration, org.springframework.boot.autoconfigure.task.TaskExecutionAutoConfiguration, org.springframework.boot.autoconfigure.thymeleaf.ThymeleafAutoConfiguration, org.springframework.boot.autoconfigure.validation.ValidationAutoConfiguration, org.springframework.boot.autoconfigure.web.servlet.error.ErrorMvcAutoConfiguration, org.springframework.boot.autoconfigure.web.servlet.WebMvcAutoConfiguration, org.springframework.boot.test.autoconfigure.web.servlet.MockMvcAutoConfiguration, org.springframework.boot.test.autoconfigure.web.servlet.MockMvcSecurityAutoConfiguration, org.springframework.boot.test.autoconfigure.web.servlet.MockMvcWebClientAutoConfiguration, org.springframework.boot.test.autoconfigure.web.servlet.MockMvcWebDriverAutoConfiguration]], org.springframework.boot.test.context.filter.ExcludeFilterContextCustomizer@30f52a4d, org.springframework.boot.test.json.DuplicateJsonObjectContextCustomizerFactory$DuplicateJsonObjectContextCustomizer@63b0b51c, org.springframework.boot.test.mock.mockito.MockitoContextCustomizer@0], resourceBasePath = 'src/main/webapp', contextLoader = 'org.springframework.boot.test.context.SpringBootContextLoader', parent = [null]], attributes = map[[empty]]], class annotated with @DirtiesContext [false] with mode [null].
22:25:49.402 [Test worker] DEBUG org.springframework.test.annotation.ProfileValueUtils - Retrieved @ProfileValueSourceConfiguration [null] for test class [com.springboot.book.web.HelloControllerTest]
22:25:49.402 [Test worker] DEBUG org.springframework.test.annotation.ProfileValueUtils - Retrieved ProfileValueSource type [class org.springframework.test.annotation.SystemProfileValueSource] for class [com.springboot.book.web.HelloControllerTest]
22:25:49.406 [Test worker] DEBUG org.springframework.test.context.support.DependencyInjectionTestExecutionListener - Performing dependency injection for test context [[DefaultTestContext@36421475 testClass = HelloControllerTest, testInstance = com.springboot.book.web.HelloControllerTest@79926921, testMethod = [null], testException = [null], mergedContextConfiguration = [WebMergedContextConfiguration@5eaa593c testClass = HelloControllerTest, locations = '{}', classes = '{class com.springboot.book.Application}', contextInitializerClasses = '[]', activeProfiles = '{}', propertySourceLocations = '{}', propertySourceProperties = '{org.springframework.boot.test.autoconfigure.web.servlet.WebMvcTestContextBootstrapper=true}', contextCustomizers = set[org.springframework.boot.test.autoconfigure.OverrideAutoConfigurationContextCustomizerFactory$DisableAutoConfigurationContextCustomizer@708f3f9f, org.springframework.boot.test.autoconfigure.filter.TypeExcludeFiltersContextCustomizer@c417c41c, org.springframework.boot.test.autoconfigure.properties.PropertyMappingContextCustomizer@bae24fca, org.springframework.boot.test.autoconfigure.web.servlet.WebDriverContextCustomizerFactory$Customizer@6644d550, [ImportsContextCustomizer@57287235 key = [org.springframework.boot.autoconfigure.cache.CacheAutoConfiguration, org.springframework.boot.autoconfigure.context.MessageSourceAutoConfiguration, org.springframework.boot.autoconfigure.data.web.SpringDataWebAutoConfiguration, org.springframework.boot.autoconfigure.freemarker.FreeMarkerAutoConfiguration, org.springframework.boot.autoconfigure.groovy.template.GroovyTemplateAutoConfiguration, org.springframework.boot.autoconfigure.gson.GsonAutoConfiguration, org.springframework.boot.autoconfigure.hateoas.HypermediaAutoConfiguration, org.springframework.boot.autoconfigure.http.HttpMessageConvertersAutoConfiguration, org.springframework.boot.autoconfigure.jackson.JacksonAutoConfiguration, org.springframework.boot.autoconfigure.jsonb.JsonbAutoConfiguration, org.springframework.boot.autoconfigure.mustache.MustacheAutoConfiguration, org.springframework.boot.autoconfigure.task.TaskExecutionAutoConfiguration, org.springframework.boot.autoconfigure.thymeleaf.ThymeleafAutoConfiguration, org.springframework.boot.autoconfigure.validation.ValidationAutoConfiguration, org.springframework.boot.autoconfigure.web.servlet.error.ErrorMvcAutoConfiguration, org.springframework.boot.autoconfigure.web.servlet.WebMvcAutoConfiguration, org.springframework.boot.test.autoconfigure.web.servlet.MockMvcAutoConfiguration, org.springframework.boot.test.autoconfigure.web.servlet.MockMvcSecurityAutoConfiguration, org.springframework.boot.test.autoconfigure.web.servlet.MockMvcWebClientAutoConfiguration, org.springframework.boot.test.autoconfigure.web.servlet.MockMvcWebDriverAutoConfiguration]], org.springframework.boot.test.context.filter.ExcludeFilterContextCustomizer@30f52a4d, org.springframework.boot.test.json.DuplicateJsonObjectContextCustomizerFactory$DuplicateJsonObjectContextCustomizer@63b0b51c, org.springframework.boot.test.mock.mockito.MockitoContextCustomizer@0], resourceBasePath = 'src/main/webapp', contextLoader = 'org.springframework.boot.test.context.SpringBootContextLoader', parent = [null]], attributes = map[[empty]]]].
22:25:49.494 [Test worker] DEBUG org.springframework.test.context.support.TestPropertySourceUtils - Adding inlined properties to environment: {spring.jmx.enabled=false, org.springframework.boot.test.autoconfigure.web.servlet.WebMvcTestContextBootstrapper=true, server.port=-1}

  .   ____          _            __ _ _
 /\\ / ___'_ __ _ _(_)_ __  __ _ \ \ \ \
( ( )\___ | '_ | '_| | '_ \/ _` | \ \ \ \
 \\/  ___)| |_)| | | | | || (_| |  ) ) ) )
  '  |____| .__|_| |_|_| |_\__, | / / / /
 =========|_|==============|___/=/_/_/_/
 :: Spring Boot ::        (v2.1.7.RELEASE)

2022-05-14 22:25:54.725  INFO 71349 --- [    Test worker] c.s.book.web.HelloControllerTest         : Starting HelloControllerTest on Ha-MacPro.local with PID 71349 (started by jisu in /Users/jisu/project/book-study/book-springboot-webservice)
2022-05-14 22:25:54.727  INFO 71349 --- [    Test worker] c.s.book.web.HelloControllerTest         : No active profile set, falling back to default profiles: default
2022-05-14 22:25:55.672  INFO 71349 --- [    Test worker] o.s.s.concurrent.ThreadPoolTaskExecutor  : Initializing ExecutorService 'applicationTaskExecutor'
2022-05-14 22:25:55.747  INFO 71349 --- [    Test worker] o.s.b.a.w.s.WelcomePageHandlerMapping    : Adding welcome page template: index
2022-05-14 22:25:55.986  INFO 71349 --- [    Test worker] .s.s.UserDetailsServiceAutoConfiguration : 

Using generated security password: 8464cc2d-3148-4a5d-89c1-d4e31e95e47b

2022-05-14 22:25:56.129  INFO 71349 --- [    Test worker] o.s.s.web.DefaultSecurityFilterChain     : Creating filter chain: any request, [org.springframework.security.web.context.request.async.WebAsyncManagerIntegrationFilter@724eb0f5, org.springframework.security.web.context.SecurityContextPersistenceFilter@7959e7e4, org.springframework.security.web.header.HeaderWriterFilter@24b3fc8d, org.springframework.security.web.csrf.CsrfFilter@4363a170, org.springframework.security.web.authentication.logout.LogoutFilter@cb461f3, org.springframework.security.web.authentication.UsernamePasswordAuthenticationFilter@3447a94c, org.springframework.security.web.authentication.ui.DefaultLoginPageGeneratingFilter@21c4bcc4, org.springframework.security.web.authentication.ui.DefaultLogoutPageGeneratingFilter@64ef686, org.springframework.security.web.authentication.www.BasicAuthenticationFilter@70afed50, org.springframework.security.web.savedrequest.RequestCacheAwareFilter@4c0b4b04, org.springframework.security.web.servletapi.SecurityContextHolderAwareRequestFilter@73669bdf, org.springframework.security.web.authentication.AnonymousAuthenticationFilter@28ef0b84, org.springframework.security.web.session.SessionManagementFilter@473d9112, org.springframework.security.web.access.ExceptionTranslationFilter@13642ed4, org.springframework.security.web.access.intercept.FilterSecurityInterceptor@201779db]
2022-05-14 22:25:56.160  INFO 71349 --- [    Test worker] o.s.b.t.m.w.SpringBootMockServletContext : Initializing Spring TestDispatcherServlet ''
2022-05-14 22:25:56.160  INFO 71349 --- [    Test worker] o.s.t.web.servlet.TestDispatcherServlet  : Initializing Servlet ''
2022-05-14 22:25:56.171  INFO 71349 --- [    Test worker] o.s.t.web.servlet.TestDispatcherServlet  : Completed initialization in 11 ms
2022-05-14 22:25:56.210  INFO 71349 --- [    Test worker] c.s.book.web.HelloControllerTest         : Started HelloControllerTest in 6.709 seconds (JVM running for 7.549)
]]></system-out>
  <system-err><![CDATA[]]></system-err>
</testsuite>
